<?xml version="1.0" encoding="UTF-8" ?>
<testsuite tests="35" failures="17" name="TestSuite" time="673.908" errors="0" skipped="17">
  <properties>
[...]
</properties>
  <testcase classname="Swoo_Android.maven.AppTest" name="beforeClassMethod" time="19.619">
    <failure message="com.google.common.base.Throwables.throwIfUnchecked(Ljava/lang/Throwable;)V" type="java.lang.NoSuchMethodError">java.lang.NoSuchMethodError: com.google.common.base.Throwables.throwIfUnchecked(Ljava/lang/Throwable;)V
	at io.appium.java_client.remote.AppiumCommandExecutor.execute(AppiumCommandExecutor.java:176)
	at org.openqa.selenium.remote.RemoteWebDriver.execute(RemoteWebDriver.java:644)
	at io.appium.java_client.DefaultGenericMobileDriver.execute(DefaultGenericMobileDriver.java:42)
	at io.appium.java_client.AppiumDriver.execute(AppiumDriver.java:1)
	at io.appium.java_client.android.AndroidDriver.execute(AndroidDriver.java:1)
	at org.openqa.selenium.remote.RemoteWebDriver.startSession(RemoteWebDriver.java:249)
	at org.openqa.selenium.remote.RemoteWebDriver.&lt;init&gt;(RemoteWebDriver.java:131)
	at org.openqa.selenium.remote.RemoteWebDriver.&lt;init&gt;(RemoteWebDriver.java:144)
	at io.appium.java_client.DefaultGenericMobileDriver.&lt;init&gt;(DefaultGenericMobileDriver.java:38)
	at io.appium.java_client.AppiumDriver.&lt;init&gt;(AppiumDriver.java:88)
	at io.appium.java_client.AppiumDriver.&lt;init&gt;(AppiumDriver.java:112)
	at io.appium.java_client.android.AndroidDriver.&lt;init&gt;(AndroidDriver.java:73)
	at Swoo_Android.maven.Base.beforeClassMethod(Base.java:78)
	at Swoo_Android.maven.AppTest.beforeClassMethod(AppTest.java:35)
</failure>
    <system-out>Configuring TestNG with: org.apache.maven.surefire.testng.conf.TestNG652Configurator@2f333739
</system-out>
  </testcase>
  <testcase classname="Swoo_Android.maven.AppTest" name="GuestUserBroadcast" time="19.621">
    <skipped/>
  </testcase>
  <testcase classname="Swoo_Android.maven.AppTest" name="beforeClassMethod" time="19.665">
    <failure message="com.google.common.base.Throwables.throwIfUnchecked(Ljava/lang/Throwable;)V" type="java.lang.NoSuchMethodError">java.lang.NoSuchMethodError: com.google.common.base.Throwables.throwIfUnchecked(Ljava/lang/Throwable;)V
	at io.appium.java_client.remote.AppiumCommandExecutor.execute(AppiumCommandExecutor.java:176)
	at org.openqa.selenium.remote.RemoteWebDriver.execute(RemoteWebDriver.java:644)
	at io.appium.java_client.DefaultGenericMobileDriver.execute(DefaultGenericMobileDriver.java:42)
	at io.appium.java_client.AppiumDriver.execute(AppiumDriver.java:1)
	at io.appium.java_client.android.AndroidDriver.execute(AndroidDriver.java:1)
	at org.openqa.selenium.remote.RemoteWebDriver.startSession(RemoteWebDriver.java:249)
	at org.openqa.selenium.remote.RemoteWebDriver.&lt;init&gt;(RemoteWebDriver.java:131)
	at org.openqa.selenium.remote.RemoteWebDriver.&lt;init&gt;(RemoteWebDriver.java:144)
	at io.appium.java_client.DefaultGenericMobileDriver.&lt;init&gt;(DefaultGenericMobileDriver.java:38)
	at io.appium.java_client.AppiumDriver.&lt;init&gt;(AppiumDriver.java:88)
	at io.appium.java_client.AppiumDriver.&lt;init&gt;(AppiumDriver.java:112)
	at io.appium.java_client.android.AndroidDriver.&lt;init&gt;(AndroidDriver.java:73)
	at Swoo_Android.maven.Base.beforeClassMethod(Base.java:78)
	at Swoo_Android.maven.AppTest.beforeClassMethod(AppTest.java:35)
</failure>
  </testcase>
  <testcase classname="Swoo_Android.maven.AppTest" name="GuestUserBroadcastDetails" time="19.665">
    <skipped/>
  </testcase>
  <testcase classname="Swoo_Android.maven.AppTest" name="beforeClassMethod" time="19.691">
    <failure message="com.google.common.base.Throwables.throwIfUnchecked(Ljava/lang/Throwable;)V" type="java.lang.NoSuchMethodError">java.lang.NoSuchMethodError: com.google.common.base.Throwables.throwIfUnchecked(Ljava/lang/Throwable;)V
	at io.appium.java_client.remote.AppiumCommandExecutor.execute(AppiumCommandExecutor.java:176)
	at org.openqa.selenium.remote.RemoteWebDriver.execute(RemoteWebDriver.java:644)
	at io.appium.java_client.DefaultGenericMobileDriver.execute(DefaultGenericMobileDriver.java:42)
	at io.appium.java_client.AppiumDriver.execute(AppiumDriver.java:1)
	at io.appium.java_client.android.AndroidDriver.execute(AndroidDriver.java:1)
	at org.openqa.selenium.remote.RemoteWebDriver.startSession(RemoteWebDriver.java:249)
	at org.openqa.selenium.remote.RemoteWebDriver.&lt;init&gt;(RemoteWebDriver.java:131)
	at org.openqa.selenium.remote.RemoteWebDriver.&lt;init&gt;(RemoteWebDriver.java:144)
	at io.appium.java_client.DefaultGenericMobileDriver.&lt;init&gt;(DefaultGenericMobileDriver.java:38)
	at io.appium.java_client.AppiumDriver.&lt;init&gt;(AppiumDriver.java:88)
	at io.appium.java_client.AppiumDriver.&lt;init&gt;(AppiumDriver.java:112)
	at io.appium.java_client.android.AndroidDriver.&lt;init&gt;(AndroidDriver.java:73)
	at Swoo_Android.maven.Base.beforeClassMethod(Base.java:78)
	at Swoo_Android.maven.AppTest.beforeClassMethod(AppTest.java:35)
</failure>
  </testcase>
  <testcase classname="Swoo_Android.maven.AppTest" name="GuestUserBroadcastHome" time="19.691">
    <skipped/>
  </testcase>
  <testcase classname="Swoo_Android.maven.AppTest" name="beforeClassMethod" time="19.711">
    <failure message="com.google.common.base.Throwables.throwIfUnchecked(Ljava/lang/Throwable;)V" type="java.lang.NoSuchMethodError">java.lang.NoSuchMethodError: com.google.common.base.Throwables.throwIfUnchecked(Ljava/lang/Throwable;)V
	at io.appium.java_client.remote.AppiumCommandExecutor.execute(AppiumCommandExecutor.java:176)
	at org.openqa.selenium.remote.RemoteWebDriver.execute(RemoteWebDriver.java:644)
	at io.appium.java_client.DefaultGenericMobileDriver.execute(DefaultGenericMobileDriver.java:42)
	at io.appium.java_client.AppiumDriver.execute(AppiumDriver.java:1)
	at io.appium.java_client.android.AndroidDriver.execute(AndroidDriver.java:1)
	at org.openqa.selenium.remote.RemoteWebDriver.startSession(RemoteWebDriver.java:249)
	at org.openqa.selenium.remote.RemoteWebDriver.&lt;init&gt;(RemoteWebDriver.java:131)
	at org.openqa.selenium.remote.RemoteWebDriver.&lt;init&gt;(RemoteWebDriver.java:144)
	at io.appium.java_client.DefaultGenericMobileDriver.&lt;init&gt;(DefaultGenericMobileDriver.java:38)
	at io.appium.java_client.AppiumDriver.&lt;init&gt;(AppiumDriver.java:88)
	at io.appium.java_client.AppiumDriver.&lt;init&gt;(AppiumDriver.java:112)
	at io.appium.java_client.android.AndroidDriver.&lt;init&gt;(AndroidDriver.java:73)
	at Swoo_Android.maven.Base.beforeClassMethod(Base.java:78)
	at Swoo_Android.maven.AppTest.beforeClassMethod(AppTest.java:35)
</failure>
  </testcase>
  <testcase classname="Swoo_Android.maven.AppTest" name="GuestUserBroadcastNotification" time="19.711">
    <skipped/>
  </testcase>
  <testcase classname="Swoo_Android.maven.AppTest" name="beforeClassMethod" time="19.733">
    <failure message="com.google.common.base.Throwables.throwIfUnchecked(Ljava/lang/Throwable;)V" type="java.lang.NoSuchMethodError">java.lang.NoSuchMethodError: com.google.common.base.Throwables.throwIfUnchecked(Ljava/lang/Throwable;)V
	at io.appium.java_client.remote.AppiumCommandExecutor.execute(AppiumCommandExecutor.java:176)
	at org.openqa.selenium.remote.RemoteWebDriver.execute(RemoteWebDriver.java:644)
	at io.appium.java_client.DefaultGenericMobileDriver.execute(DefaultGenericMobileDriver.java:42)
	at io.appium.java_client.AppiumDriver.execute(AppiumDriver.java:1)
	at io.appium.java_client.android.AndroidDriver.execute(AndroidDriver.java:1)
	at org.openqa.selenium.remote.RemoteWebDriver.startSession(RemoteWebDriver.java:249)
	at org.openqa.selenium.remote.RemoteWebDriver.&lt;init&gt;(RemoteWebDriver.java:131)
	at org.openqa.selenium.remote.RemoteWebDriver.&lt;init&gt;(RemoteWebDriver.java:144)
	at io.appium.java_client.DefaultGenericMobileDriver.&lt;init&gt;(DefaultGenericMobileDriver.java:38)
	at io.appium.java_client.AppiumDriver.&lt;init&gt;(AppiumDriver.java:88)
	at io.appium.java_client.AppiumDriver.&lt;init&gt;(AppiumDriver.java:112)
	at io.appium.java_client.android.AndroidDriver.&lt;init&gt;(AndroidDriver.java:73)
	at Swoo_Android.maven.Base.beforeClassMethod(Base.java:78)
	at Swoo_Android.maven.AppTest.beforeClassMethod(AppTest.java:35)
</failure>
  </testcase>
  <testcase classname="Swoo_Android.maven.AppTest" name="GuestUserCommunity" time="19.734">
    <skipped/>
  </testcase>
  <testcase classname="Swoo_Android.maven.AppTest" name="beforeClassMethod" time="19.754">
    <failure message="com.google.common.base.Throwables.throwIfUnchecked(Ljava/lang/Throwable;)V" type="java.lang.NoSuchMethodError">java.lang.NoSuchMethodError: com.google.common.base.Throwables.throwIfUnchecked(Ljava/lang/Throwable;)V
	at io.appium.java_client.remote.AppiumCommandExecutor.execute(AppiumCommandExecutor.java:176)
	at org.openqa.selenium.remote.RemoteWebDriver.execute(RemoteWebDriver.java:644)
	at io.appium.java_client.DefaultGenericMobileDriver.execute(DefaultGenericMobileDriver.java:42)
	at io.appium.java_client.AppiumDriver.execute(AppiumDriver.java:1)
	at io.appium.java_client.android.AndroidDriver.execute(AndroidDriver.java:1)
	at org.openqa.selenium.remote.RemoteWebDriver.startSession(RemoteWebDriver.java:249)
	at org.openqa.selenium.remote.RemoteWebDriver.&lt;init&gt;(RemoteWebDriver.java:131)
	at org.openqa.selenium.remote.RemoteWebDriver.&lt;init&gt;(RemoteWebDriver.java:144)
	at io.appium.java_client.DefaultGenericMobileDriver.&lt;init&gt;(DefaultGenericMobileDriver.java:38)
	at io.appium.java_client.AppiumDriver.&lt;init&gt;(AppiumDriver.java:88)
	at io.appium.java_client.AppiumDriver.&lt;init&gt;(AppiumDriver.java:112)
	at io.appium.java_client.android.AndroidDriver.&lt;init&gt;(AndroidDriver.java:73)
	at Swoo_Android.maven.Base.beforeClassMethod(Base.java:78)
	at Swoo_Android.maven.AppTest.beforeClassMethod(AppTest.java:35)
</failure>
  </testcase>
  <testcase classname="Swoo_Android.maven.AppTest" name="GuestUserDiscover" time="19.754">
    <skipped/>
  </testcase>
  <testcase classname="Swoo_Android.maven.AppTest" name="beforeClassMethod" time="19.776">
    <failure message="com.google.common.base.Throwables.throwIfUnchecked(Ljava/lang/Throwable;)V" type="java.lang.NoSuchMethodError">java.lang.NoSuchMethodError: com.google.common.base.Throwables.throwIfUnchecked(Ljava/lang/Throwable;)V
	at io.appium.java_client.remote.AppiumCommandExecutor.execute(AppiumCommandExecutor.java:176)
	at org.openqa.selenium.remote.RemoteWebDriver.execute(RemoteWebDriver.java:644)
	at io.appium.java_client.DefaultGenericMobileDriver.execute(DefaultGenericMobileDriver.java:42)
	at io.appium.java_client.AppiumDriver.execute(AppiumDriver.java:1)
	at io.appium.java_client.android.AndroidDriver.execute(AndroidDriver.java:1)
	at org.openqa.selenium.remote.RemoteWebDriver.startSession(RemoteWebDriver.java:249)
	at org.openqa.selenium.remote.RemoteWebDriver.&lt;init&gt;(RemoteWebDriver.java:131)
	at org.openqa.selenium.remote.RemoteWebDriver.&lt;init&gt;(RemoteWebDriver.java:144)
	at io.appium.java_client.DefaultGenericMobileDriver.&lt;init&gt;(DefaultGenericMobileDriver.java:38)
	at io.appium.java_client.AppiumDriver.&lt;init&gt;(AppiumDriver.java:88)
	at io.appium.java_client.AppiumDriver.&lt;init&gt;(AppiumDriver.java:112)
	at io.appium.java_client.android.AndroidDriver.&lt;init&gt;(AndroidDriver.java:73)
	at Swoo_Android.maven.Base.beforeClassMethod(Base.java:78)
	at Swoo_Android.maven.AppTest.beforeClassMethod(AppTest.java:35)
</failure>
  </testcase>
  <testcase classname="Swoo_Android.maven.AppTest" name="GuestUserDiscoverSearch" time="19.777">
    <skipped/>
  </testcase>
  <testcase classname="Swoo_Android.maven.AppTest" name="beforeClassMethod" time="19.793">
    <failure message="com.google.common.base.Throwables.throwIfUnchecked(Ljava/lang/Throwable;)V" type="java.lang.NoSuchMethodError">java.lang.NoSuchMethodError: com.google.common.base.Throwables.throwIfUnchecked(Ljava/lang/Throwable;)V
	at io.appium.java_client.remote.AppiumCommandExecutor.execute(AppiumCommandExecutor.java:176)
	at org.openqa.selenium.remote.RemoteWebDriver.execute(RemoteWebDriver.java:644)
	at io.appium.java_client.DefaultGenericMobileDriver.execute(DefaultGenericMobileDriver.java:42)
	at io.appium.java_client.AppiumDriver.execute(AppiumDriver.java:1)
	at io.appium.java_client.android.AndroidDriver.execute(AndroidDriver.java:1)
	at org.openqa.selenium.remote.RemoteWebDriver.startSession(RemoteWebDriver.java:249)
	at org.openqa.selenium.remote.RemoteWebDriver.&lt;init&gt;(RemoteWebDriver.java:131)
	at org.openqa.selenium.remote.RemoteWebDriver.&lt;init&gt;(RemoteWebDriver.java:144)
	at io.appium.java_client.DefaultGenericMobileDriver.&lt;init&gt;(DefaultGenericMobileDriver.java:38)
	at io.appium.java_client.AppiumDriver.&lt;init&gt;(AppiumDriver.java:88)
	at io.appium.java_client.AppiumDriver.&lt;init&gt;(AppiumDriver.java:112)
	at io.appium.java_client.android.AndroidDriver.&lt;init&gt;(AndroidDriver.java:73)
	at Swoo_Android.maven.Base.beforeClassMethod(Base.java:78)
	at Swoo_Android.maven.AppTest.beforeClassMethod(AppTest.java:35)
</failure>
  </testcase>
  <testcase classname="Swoo_Android.maven.AppTest" name="GuestUserFollow" time="19.793">
    <skipped/>
  </testcase>
  <testcase classname="Swoo_Android.maven.AppTest" name="beforeClassMethod" time="19.831">
    <failure message="com.google.common.base.Throwables.throwIfUnchecked(Ljava/lang/Throwable;)V" type="java.lang.NoSuchMethodError">java.lang.NoSuchMethodError: com.google.common.base.Throwables.throwIfUnchecked(Ljava/lang/Throwable;)V
	at io.appium.java_client.remote.AppiumCommandExecutor.execute(AppiumCommandExecutor.java:176)
	at org.openqa.selenium.remote.RemoteWebDriver.execute(RemoteWebDriver.java:644)
	at io.appium.java_client.DefaultGenericMobileDriver.execute(DefaultGenericMobileDriver.java:42)
	at io.appium.java_client.AppiumDriver.execute(AppiumDriver.java:1)
	at io.appium.java_client.android.AndroidDriver.execute(AndroidDriver.java:1)
	at org.openqa.selenium.remote.RemoteWebDriver.startSession(RemoteWebDriver.java:249)
	at org.openqa.selenium.remote.RemoteWebDriver.&lt;init&gt;(RemoteWebDriver.java:131)
	at org.openqa.selenium.remote.RemoteWebDriver.&lt;init&gt;(RemoteWebDriver.java:144)
	at io.appium.java_client.DefaultGenericMobileDriver.&lt;init&gt;(DefaultGenericMobileDriver.java:38)
	at io.appium.java_client.AppiumDriver.&lt;init&gt;(AppiumDriver.java:88)
	at io.appium.java_client.AppiumDriver.&lt;init&gt;(AppiumDriver.java:112)
	at io.appium.java_client.android.AndroidDriver.&lt;init&gt;(AndroidDriver.java:73)
	at Swoo_Android.maven.Base.beforeClassMethod(Base.java:78)
	at Swoo_Android.maven.AppTest.beforeClassMethod(AppTest.java:35)
</failure>
  </testcase>
  <testcase classname="Swoo_Android.maven.AppTest" name="GuestUserLike" time="19.831">
    <skipped/>
  </testcase>
  <testcase classname="Swoo_Android.maven.AppTest" name="beforeClassMethod" time="19.849">
    <failure message="com.google.common.base.Throwables.throwIfUnchecked(Ljava/lang/Throwable;)V" type="java.lang.NoSuchMethodError">java.lang.NoSuchMethodError: com.google.common.base.Throwables.throwIfUnchecked(Ljava/lang/Throwable;)V
	at io.appium.java_client.remote.AppiumCommandExecutor.execute(AppiumCommandExecutor.java:176)
	at org.openqa.selenium.remote.RemoteWebDriver.execute(RemoteWebDriver.java:644)
	at io.appium.java_client.DefaultGenericMobileDriver.execute(DefaultGenericMobileDriver.java:42)
	at io.appium.java_client.AppiumDriver.execute(AppiumDriver.java:1)
	at io.appium.java_client.android.AndroidDriver.execute(AndroidDriver.java:1)
	at org.openqa.selenium.remote.RemoteWebDriver.startSession(RemoteWebDriver.java:249)
	at org.openqa.selenium.remote.RemoteWebDriver.&lt;init&gt;(RemoteWebDriver.java:131)
	at org.openqa.selenium.remote.RemoteWebDriver.&lt;init&gt;(RemoteWebDriver.java:144)
	at io.appium.java_client.DefaultGenericMobileDriver.&lt;init&gt;(DefaultGenericMobileDriver.java:38)
	at io.appium.java_client.AppiumDriver.&lt;init&gt;(AppiumDriver.java:88)
	at io.appium.java_client.AppiumDriver.&lt;init&gt;(AppiumDriver.java:112)
	at io.appium.java_client.android.AndroidDriver.&lt;init&gt;(AndroidDriver.java:73)
	at Swoo_Android.maven.Base.beforeClassMethod(Base.java:78)
	at Swoo_Android.maven.AppTest.beforeClassMethod(AppTest.java:35)
</failure>
  </testcase>
  <testcase classname="Swoo_Android.maven.AppTest" name="GuestUserNetworkFollowingFollowers" time="19.85">
    <skipped/>
  </testcase>
  <testcase classname="Swoo_Android.maven.AppTest" name="beforeClassMethod" time="19.872">
    <failure message="com.google.common.base.Throwables.throwIfUnchecked(Ljava/lang/Throwable;)V" type="java.lang.NoSuchMethodError">java.lang.NoSuchMethodError: com.google.common.base.Throwables.throwIfUnchecked(Ljava/lang/Throwable;)V
	at io.appium.java_client.remote.AppiumCommandExecutor.execute(AppiumCommandExecutor.java:176)
	at org.openqa.selenium.remote.RemoteWebDriver.execute(RemoteWebDriver.java:644)
	at io.appium.java_client.DefaultGenericMobileDriver.execute(DefaultGenericMobileDriver.java:42)
	at io.appium.java_client.AppiumDriver.execute(AppiumDriver.java:1)
	at io.appium.java_client.android.AndroidDriver.execute(AndroidDriver.java:1)
	at org.openqa.selenium.remote.RemoteWebDriver.startSession(RemoteWebDriver.java:249)
	at org.openqa.selenium.remote.RemoteWebDriver.&lt;init&gt;(RemoteWebDriver.java:131)
	at org.openqa.selenium.remote.RemoteWebDriver.&lt;init&gt;(RemoteWebDriver.java:144)
	at io.appium.java_client.DefaultGenericMobileDriver.&lt;init&gt;(DefaultGenericMobileDriver.java:38)
	at io.appium.java_client.AppiumDriver.&lt;init&gt;(AppiumDriver.java:88)
	at io.appium.java_client.AppiumDriver.&lt;init&gt;(AppiumDriver.java:112)
	at io.appium.java_client.android.AndroidDriver.&lt;init&gt;(AndroidDriver.java:73)
	at Swoo_Android.maven.Base.beforeClassMethod(Base.java:78)
	at Swoo_Android.maven.AppTest.beforeClassMethod(AppTest.java:35)
</failure>
  </testcase>
  <testcase classname="Swoo_Android.maven.AppTest" name="GuestUserWatchLaterFollowingMyBroadcast" time="19.873">
    <skipped/>
  </testcase>
  <testcase classname="Swoo_Android.maven.AppTest" name="beforeClassMethod" time="19.887">
    <failure message="com.google.common.base.Throwables.throwIfUnchecked(Ljava/lang/Throwable;)V" type="java.lang.NoSuchMethodError">java.lang.NoSuchMethodError: com.google.common.base.Throwables.throwIfUnchecked(Ljava/lang/Throwable;)V
	at io.appium.java_client.remote.AppiumCommandExecutor.execute(AppiumCommandExecutor.java:176)
	at org.openqa.selenium.remote.RemoteWebDriver.execute(RemoteWebDriver.java:644)
	at io.appium.java_client.DefaultGenericMobileDriver.execute(DefaultGenericMobileDriver.java:42)
	at io.appium.java_client.AppiumDriver.execute(AppiumDriver.java:1)
	at io.appium.java_client.android.AndroidDriver.execute(AndroidDriver.java:1)
	at org.openqa.selenium.remote.RemoteWebDriver.startSession(RemoteWebDriver.java:249)
	at org.openqa.selenium.remote.RemoteWebDriver.&lt;init&gt;(RemoteWebDriver.java:131)
	at org.openqa.selenium.remote.RemoteWebDriver.&lt;init&gt;(RemoteWebDriver.java:144)
	at io.appium.java_client.DefaultGenericMobileDriver.&lt;init&gt;(DefaultGenericMobileDriver.java:38)
	at io.appium.java_client.AppiumDriver.&lt;init&gt;(AppiumDriver.java:88)
	at io.appium.java_client.AppiumDriver.&lt;init&gt;(AppiumDriver.java:112)
	at io.appium.java_client.android.AndroidDriver.&lt;init&gt;(AndroidDriver.java:73)
	at Swoo_Android.maven.Base.beforeClassMethod(Base.java:78)
	at Swoo_Android.maven.AppTest.beforeClassMethod(AppTest.java:35)
</failure>
  </testcase>
  <testcase classname="Swoo_Android.maven.AppTest" name="LoginButtonFunctionality" time="19.888">
    <skipped/>
  </testcase>
  <testcase classname="Swoo_Android.maven.AppTest" name="beforeClassMethod" time="19.907">
    <failure message="com.google.common.base.Throwables.throwIfUnchecked(Ljava/lang/Throwable;)V" type="java.lang.NoSuchMethodError">java.lang.NoSuchMethodError: com.google.common.base.Throwables.throwIfUnchecked(Ljava/lang/Throwable;)V
	at io.appium.java_client.remote.AppiumCommandExecutor.execute(AppiumCommandExecutor.java:176)
	at org.openqa.selenium.remote.RemoteWebDriver.execute(RemoteWebDriver.java:644)
	at io.appium.java_client.DefaultGenericMobileDriver.execute(DefaultGenericMobileDriver.java:42)
	at io.appium.java_client.AppiumDriver.execute(AppiumDriver.java:1)
	at io.appium.java_client.android.AndroidDriver.execute(AndroidDriver.java:1)
	at org.openqa.selenium.remote.RemoteWebDriver.startSession(RemoteWebDriver.java:249)
	at org.openqa.selenium.remote.RemoteWebDriver.&lt;init&gt;(RemoteWebDriver.java:131)
	at org.openqa.selenium.remote.RemoteWebDriver.&lt;init&gt;(RemoteWebDriver.java:144)
	at io.appium.java_client.DefaultGenericMobileDriver.&lt;init&gt;(DefaultGenericMobileDriver.java:38)
	at io.appium.java_client.AppiumDriver.&lt;init&gt;(AppiumDriver.java:88)
	at io.appium.java_client.AppiumDriver.&lt;init&gt;(AppiumDriver.java:112)
	at io.appium.java_client.android.AndroidDriver.&lt;init&gt;(AndroidDriver.java:73)
	at Swoo_Android.maven.Base.beforeClassMethod(Base.java:78)
	at Swoo_Android.maven.AppTest.beforeClassMethod(AppTest.java:35)
</failure>
  </testcase>
  <testcase classname="Swoo_Android.maven.AppTest" name="LoginValidPhoneValidOTP" time="19.907">
    <skipped/>
  </testcase>
  <testcase classname="Swoo_Android.maven.AppTest" name="beforeClassMethod" time="19.923">
    <failure message="com.google.common.base.Throwables.throwIfUnchecked(Ljava/lang/Throwable;)V" type="java.lang.NoSuchMethodError">java.lang.NoSuchMethodError: com.google.common.base.Throwables.throwIfUnchecked(Ljava/lang/Throwable;)V
	at io.appium.java_client.remote.AppiumCommandExecutor.execute(AppiumCommandExecutor.java:176)
	at org.openqa.selenium.remote.RemoteWebDriver.execute(RemoteWebDriver.java:644)
	at io.appium.java_client.DefaultGenericMobileDriver.execute(DefaultGenericMobileDriver.java:42)
	at io.appium.java_client.AppiumDriver.execute(AppiumDriver.java:1)
	at io.appium.java_client.android.AndroidDriver.execute(AndroidDriver.java:1)
	at org.openqa.selenium.remote.RemoteWebDriver.startSession(RemoteWebDriver.java:249)
	at org.openqa.selenium.remote.RemoteWebDriver.&lt;init&gt;(RemoteWebDriver.java:131)
	at org.openqa.selenium.remote.RemoteWebDriver.&lt;init&gt;(RemoteWebDriver.java:144)
	at io.appium.java_client.DefaultGenericMobileDriver.&lt;init&gt;(DefaultGenericMobileDriver.java:38)
	at io.appium.java_client.AppiumDriver.&lt;init&gt;(AppiumDriver.java:88)
	at io.appium.java_client.AppiumDriver.&lt;init&gt;(AppiumDriver.java:112)
	at io.appium.java_client.android.AndroidDriver.&lt;init&gt;(AndroidDriver.java:73)
	at Swoo_Android.maven.Base.beforeClassMethod(Base.java:78)
	at Swoo_Android.maven.AppTest.beforeClassMethod(AppTest.java:35)
</failure>
  </testcase>
  <testcase classname="Swoo_Android.maven.AppTest" name="MemberUserBroadcast" time="19.923">
    <skipped/>
  </testcase>
  <testcase classname="Swoo_Android.maven.AppTest" name="beforeClassMethod" time="19.966">
    <failure message="com.google.common.base.Throwables.throwIfUnchecked(Ljava/lang/Throwable;)V" type="java.lang.NoSuchMethodError">java.lang.NoSuchMethodError: com.google.common.base.Throwables.throwIfUnchecked(Ljava/lang/Throwable;)V
	at io.appium.java_client.remote.AppiumCommandExecutor.execute(AppiumCommandExecutor.java:176)
	at org.openqa.selenium.remote.RemoteWebDriver.execute(RemoteWebDriver.java:644)
	at io.appium.java_client.DefaultGenericMobileDriver.execute(DefaultGenericMobileDriver.java:42)
	at io.appium.java_client.AppiumDriver.execute(AppiumDriver.java:1)
	at io.appium.java_client.android.AndroidDriver.execute(AndroidDriver.java:1)
	at org.openqa.selenium.remote.RemoteWebDriver.startSession(RemoteWebDriver.java:249)
	at org.openqa.selenium.remote.RemoteWebDriver.&lt;init&gt;(RemoteWebDriver.java:131)
	at org.openqa.selenium.remote.RemoteWebDriver.&lt;init&gt;(RemoteWebDriver.java:144)
	at io.appium.java_client.DefaultGenericMobileDriver.&lt;init&gt;(DefaultGenericMobileDriver.java:38)
	at io.appium.java_client.AppiumDriver.&lt;init&gt;(AppiumDriver.java:88)
	at io.appium.java_client.AppiumDriver.&lt;init&gt;(AppiumDriver.java:112)
	at io.appium.java_client.android.AndroidDriver.&lt;init&gt;(AndroidDriver.java:73)
	at Swoo_Android.maven.Base.beforeClassMethod(Base.java:78)
	at Swoo_Android.maven.AppTest.beforeClassMethod(AppTest.java:35)
</failure>
  </testcase>
  <testcase classname="Swoo_Android.maven.AppTest" name="MemberUserBroadcastAskForIntviteFunctionality" time="19.966">
    <skipped/>
  </testcase>
  <testcase classname="Swoo_Android.maven.AppTest" name="beforeClassMethod" time="19.978">
    <failure message="com.google.common.base.Throwables.throwIfUnchecked(Ljava/lang/Throwable;)V" type="java.lang.NoSuchMethodError">java.lang.NoSuchMethodError: com.google.common.base.Throwables.throwIfUnchecked(Ljava/lang/Throwable;)V
	at io.appium.java_client.remote.AppiumCommandExecutor.execute(AppiumCommandExecutor.java:176)
	at org.openqa.selenium.remote.RemoteWebDriver.execute(RemoteWebDriver.java:644)
	at io.appium.java_client.DefaultGenericMobileDriver.execute(DefaultGenericMobileDriver.java:42)
	at io.appium.java_client.AppiumDriver.execute(AppiumDriver.java:1)
	at io.appium.java_client.android.AndroidDriver.execute(AndroidDriver.java:1)
	at org.openqa.selenium.remote.RemoteWebDriver.startSession(RemoteWebDriver.java:249)
	at org.openqa.selenium.remote.RemoteWebDriver.&lt;init&gt;(RemoteWebDriver.java:131)
	at org.openqa.selenium.remote.RemoteWebDriver.&lt;init&gt;(RemoteWebDriver.java:144)
	at io.appium.java_client.DefaultGenericMobileDriver.&lt;init&gt;(DefaultGenericMobileDriver.java:38)
	at io.appium.java_client.AppiumDriver.&lt;init&gt;(AppiumDriver.java:88)
	at io.appium.java_client.AppiumDriver.&lt;init&gt;(AppiumDriver.java:112)
	at io.appium.java_client.android.AndroidDriver.&lt;init&gt;(AndroidDriver.java:73)
	at Swoo_Android.maven.Base.beforeClassMethod(Base.java:78)
	at Swoo_Android.maven.AppTest.beforeClassMethod(AppTest.java:35)
</failure>
  </testcase>
  <testcase classname="Swoo_Android.maven.AppTest" name="MemberUserBroadcastVideoPlay" time="19.979">
    <skipped/>
  </testcase>
  <testcase classname="Swoo_Android.maven.AppTest" name="beforeClassMethod" time="19.993">
    <failure message="com.google.common.base.Throwables.throwIfUnchecked(Ljava/lang/Throwable;)V" type="java.lang.NoSuchMethodError">java.lang.NoSuchMethodError: com.google.common.base.Throwables.throwIfUnchecked(Ljava/lang/Throwable;)V
	at io.appium.java_client.remote.AppiumCommandExecutor.execute(AppiumCommandExecutor.java:176)
	at org.openqa.selenium.remote.RemoteWebDriver.execute(RemoteWebDriver.java:644)
	at io.appium.java_client.DefaultGenericMobileDriver.execute(DefaultGenericMobileDriver.java:42)
	at io.appium.java_client.AppiumDriver.execute(AppiumDriver.java:1)
	at io.appium.java_client.android.AndroidDriver.execute(AndroidDriver.java:1)
	at org.openqa.selenium.remote.RemoteWebDriver.startSession(RemoteWebDriver.java:249)
	at org.openqa.selenium.remote.RemoteWebDriver.&lt;init&gt;(RemoteWebDriver.java:131)
	at org.openqa.selenium.remote.RemoteWebDriver.&lt;init&gt;(RemoteWebDriver.java:144)
	at io.appium.java_client.DefaultGenericMobileDriver.&lt;init&gt;(DefaultGenericMobileDriver.java:38)
	at io.appium.java_client.AppiumDriver.&lt;init&gt;(AppiumDriver.java:88)
	at io.appium.java_client.AppiumDriver.&lt;init&gt;(AppiumDriver.java:112)
	at io.appium.java_client.android.AndroidDriver.&lt;init&gt;(AndroidDriver.java:73)
	at Swoo_Android.maven.Base.beforeClassMethod(Base.java:78)
	at Swoo_Android.maven.AppTest.beforeClassMethod(AppTest.java:35)
</failure>
  </testcase>
  <testcase classname="Swoo_Android.maven.AppTest" name="NewUserLogin" time="19.993">
    <skipped/>
  </testcase>
  <testcase classname="Swoo_Android.maven.RandomUtilTest" name="testPhoneNumber" time="0.004"/>
</testsuite>